f:\qtworkstation\notepad\notepad\x64\release\replacedialog.obj
f:\qtworkstation\notepad\notepad\x64\release\rcc_notepad.obj
f:\qtworkstation\notepad\notepad\x64\release\mainwindowui.obj
f:\qtworkstation\notepad\notepad\x64\release\mainwindowslots.obj
f:\qtworkstation\notepad\notepad\x64\release\main.obj
f:\qtworkstation\notepad\notepad\x64\release\moc_replacedialog.obj
f:\qtworkstation\notepad\notepad\x64\release\moc_mainwindow.obj
f:\qtworkstation\notepad\notepad\x64\release\moc_finddialog.obj
f:\qtworkstation\notepad\notepad\x64\release\moc_appconfig.obj
f:\qtworkstation\notepad\notepad\x64\release\moc_aboutdialog.obj
f:\qtworkstation\notepad\notepad\x64\release\finddialog.obj
f:\qtworkstation\notepad\notepad\x64\release\appconfig.obj
f:\qtworkstation\notepad\notepad\x64\release\aboutdialog.obj
f:\qtworkstation\notepad\notepad\generatedfiles\qrc_notepad.cpp
f:\qtworkstation\notepad\notepad\generatedfiles\release\moc_mainwindow.cpp
f:\qtworkstation\notepad\notepad\generatedfiles\release\moc_finddialog.cpp
f:\qtworkstation\notepad\notepad\generatedfiles\release\moc_replacedialog.cpp
f:\qtworkstation\notepad\notepad\generatedfiles\release\moc_aboutdialog.cpp
f:\qtworkstation\notepad\notepad\generatedfiles\release\moc_appconfig.cpp
f:\qtworkstation\notepad\x64\release\notepad.exe
f:\qtworkstation\notepad\notepad\x64\release\notepad.tlog\cl.command.1.tlog
f:\qtworkstation\notepad\notepad\x64\release\notepad.tlog\cl.read.1.tlog
f:\qtworkstation\notepad\notepad\x64\release\notepad.tlog\cl.write.1.tlog
f:\qtworkstation\notepad\notepad\x64\release\notepad.tlog\custombuild.command.1.tlog
f:\qtworkstation\notepad\notepad\x64\release\notepad.tlog\custombuild.read.1.tlog
f:\qtworkstation\notepad\notepad\x64\release\notepad.tlog\custombuild.write.1.tlog
f:\qtworkstation\notepad\notepad\x64\release\notepad.tlog\link.command.1.tlog
f:\qtworkstation\notepad\notepad\x64\release\notepad.tlog\link.read.1.tlog
f:\qtworkstation\notepad\notepad\x64\release\notepad.tlog\link.write.1.tlog
