生成启动时间为 2018/6/12 22:40:06。
     1>项目“F:\QTWorkStation\Notepad\Notepad\Notepad.vcxproj”在节点 2 上(Build 个目标)。
     1>ClCompile:
         E:\VS2015\VC\bin\x86_amd64\CL.exe /c /I.\GeneratedFiles /I. /IE:\Qt\Qt5.9.0\5.9\msvc2015_64\include /I.\GeneratedFiles\Release /IE:\Qt\Qt5.9.0\5.9\msvc2015_64\include\QtCore /IE:\Qt\Qt5.9.0\5.9\msvc2015_64\include\QtGui /IE:\Qt\Qt5.9.0\5.9\msvc2015_64\include\QtWidgets /nologo /W1 /WX- /O2 /D UNICODE /D WIN32 /D WIN64 /D QT_DLL /D QT_NO_DEBUG /D NDEBUG /D QT_CORE_LIB /D QT_GUI_LIB /D QT_WIDGETS_LIB /Gm- /EHsc /MD /GS /fp:precise /Zc:wchar_t /Zc:forScope /Zc:inline /Fo"x64\Release\\" /Fd"x64\Release\vc140.pdb" /Gd /TP /errorReport:prompt MainWindowUI.cpp
         MainWindowUI.cpp
       Link:
         E:\VS2015\VC\bin\x86_amd64\link.exe /ERRORREPORT:PROMPT /OUT:"F:\QTWorkStation\Notepad\x64\Release\\Notepad.exe" /NOLOGO /LIBPATH:E:\Qt\Qt5.9.0\5.9\msvc2015_64\lib qtmain.lib Qt5Core.lib Qt5Gui.lib Qt5Widgets.lib kernel32.lib user32.lib gdi32.lib winspool.lib comdlg32.lib advapi32.lib shell32.lib ole32.lib oleaut32.lib uuid.lib odbc32.lib odbccp32.lib /MANIFEST /MANIFESTUAC:"level='asInvoker' uiAccess='false'" /manifest:embed /PDB:"F:\QTWorkStation\Notepad\x64\Release\Notepad.pdb" /SUBSYSTEM:WINDOWS /TLBID:1 /DYNAMICBASE /NXCOMPAT /IMPLIB:"F:\QTWorkStation\Notepad\x64\Release\Notepad.lib" /MACHINE:X64 x64\Release\AboutDialog.obj
         x64\Release\AppConfig.obj
         x64\Release\FindDialog.obj
         x64\Release\moc_AboutDialog.obj
         x64\Release\moc_AppConfig.obj
         x64\Release\moc_FindDialog.obj
         x64\Release\moc_MainWindow.obj
         x64\Release\moc_ReplaceDialog.obj
         x64\Release\main.obj
         x64\Release\MainWindowSlots.obj
         x64\Release\MainWindowUI.obj
         x64\Release\rcc_NotePad.obj
         x64\Release\ReplaceDialog.obj
         Notepad.vcxproj -> F:\QTWorkStation\Notepad\x64\Release\Notepad.exe
     1>已完成生成项目“F:\QTWorkStation\Notepad\Notepad\Notepad.vcxproj”(Build 个目标)的操作。

已成功生成。

已用时间 00:00:01.82
