f:\qtworkstation\notepad\notepad\x64\debug\vc140.pdb
f:\qtworkstation\notepad\notepad\x64\debug\replacedialog.obj
f:\qtworkstation\notepad\notepad\x64\debug\rcc_notepad.obj
f:\qtworkstation\notepad\notepad\x64\debug\mainwindowui.obj
f:\qtworkstation\notepad\notepad\x64\debug\mainwindowslots.obj
f:\qtworkstation\notepad\notepad\x64\debug\main.obj
f:\qtworkstation\notepad\notepad\x64\debug\moc_replacedialog.obj
f:\qtworkstation\notepad\notepad\x64\debug\moc_mainwindow.obj
f:\qtworkstation\notepad\notepad\x64\debug\moc_finddialog.obj
f:\qtworkstation\notepad\notepad\x64\debug\finddialog.obj
f:\qtworkstation\notepad\notepad\x64\debug\aboutdialog.obj
f:\qtworkstation\notepad\notepad\x64\debug\moc_aboutdialog.obj
f:\qtworkstation\notepad\notepad\x64\debug\moc_appconfig.obj
f:\qtworkstation\notepad\notepad\x64\debug\appconfig.obj
f:\qtworkstation\notepad\notepad\generatedfiles\qrc_notepad.cpp
f:\qtworkstation\notepad\notepad\generatedfiles\debug\moc_mainwindow.cpp
f:\qtworkstation\notepad\notepad\generatedfiles\debug\moc_finddialog.cpp
f:\qtworkstation\notepad\notepad\generatedfiles\debug\moc_replacedialog.cpp
f:\qtworkstation\notepad\notepad\generatedfiles\debug\moc_aboutdialog.cpp
f:\qtworkstation\notepad\notepad\generatedfiles\debug\moc_appconfig.cpp
f:\qtworkstation\notepad\x64\debug\notepad.ilk
f:\qtworkstation\notepad\x64\debug\notepad.exe
f:\qtworkstation\notepad\x64\debug\notepad.pdb
f:\qtworkstation\notepad\notepad\x64\debug\notepad.tlog\cl.command.1.tlog
f:\qtworkstation\notepad\notepad\x64\debug\notepad.tlog\cl.read.1.tlog
f:\qtworkstation\notepad\notepad\x64\debug\notepad.tlog\cl.write.1.tlog
f:\qtworkstation\notepad\notepad\x64\debug\notepad.tlog\custombuild.command.1.tlog
f:\qtworkstation\notepad\notepad\x64\debug\notepad.tlog\custombuild.read.1.tlog
f:\qtworkstation\notepad\notepad\x64\debug\notepad.tlog\custombuild.write.1.tlog
f:\qtworkstation\notepad\notepad\x64\debug\notepad.tlog\link.command.1.tlog
f:\qtworkstation\notepad\notepad\x64\debug\notepad.tlog\link.read.1.tlog
f:\qtworkstation\notepad\notepad\x64\debug\notepad.tlog\link.write.1.tlog
