生成启动时间为 2021/3/29 16:23:11。
     1>项目“F:\QTWorkStation\Notepad\Notepad\Notepad.vcxproj”在节点 2 上(Build 个目标)。
     1>ClCompile:
         E:\VS2015\VC\bin\x86_amd64\CL.exe /c /I.\GeneratedFiles /I. /IE:\Qt\Qt5.9.0\5.9\msvc2015_64\include /I.\GeneratedFiles\Debug /IE:\Qt\Qt5.9.0\5.9\msvc2015_64\include\QtCore /IE:\Qt\Qt5.9.0\5.9\msvc2015_64\include\QtGui /IE:\Qt\Qt5.9.0\5.9\msvc2015_64\include\QtWidgets /Zi /nologo /W1 /WX- /Od /D UNICODE /D WIN32 /D WIN64 /D QT_DLL /D QT_CORE_LIB /D QT_GUI_LIB /D QT_WIDGETS_LIB /Gm- /EHsc /MDd /GS /fp:precise /Zc:wchar_t /Zc:forScope /Zc:inline /Fo"x64\Debug\\" /Fd"x64\Debug\vc140.pdb" /Gd /TP /errorReport:prompt FindDialog.cpp
         FindDialog.cpp
       Link:
         E:\VS2015\VC\bin\x86_amd64\link.exe /ERRORREPORT:PROMPT /OUT:"F:\QTWorkStation\Notepad\x64\Debug\\Notepad.exe" /NOLOGO /LIBPATH:E:\Qt5.6.2\5.6\msvc2015_64\lib /LIBPATH:E:\Qt\Qt5.9.0\5.9\msvc2015_64\lib qtmaind.lib Qt5Cored.lib Qt5Guid.lib Qt5Widgetsd.lib kernel32.lib user32.lib gdi32.lib winspool.lib comdlg32.lib advapi32.lib shell32.lib ole32.lib oleaut32.lib uuid.lib odbc32.lib odbccp32.lib /MANIFEST /MANIFESTUAC:"level='asInvoker' uiAccess='false'" /manifest:embed /Debug /PDB:"F:\QTWorkStation\Notepad\x64\Debug\Notepad.pdb" /SUBSYSTEM:WINDOWS /TLBID:1 /DYNAMICBASE /NXCOMPAT /IMPLIB:"F:\QTWorkStation\Notepad\x64\Debug\Notepad.lib" /MACHINE:X64 x64\Debug\AboutDialog.obj
         x64\Debug\AppConfig.obj
         x64\Debug\FindDialog.obj
         x64\Debug\moc_AboutDialog.obj
         x64\Debug\moc_AppConfig.obj
         x64\Debug\moc_FindDialog.obj
         x64\Debug\moc_MainWindow.obj
         x64\Debug\moc_ReplaceDialog.obj
         x64\Debug\main.obj
         x64\Debug\MainWindowSlots.obj
         x64\Debug\MainWindowUI.obj
         x64\Debug\rcc_NotePad.obj
         x64\Debug\ReplaceDialog.obj
         Notepad.vcxproj -> F:\QTWorkStation\Notepad\x64\Debug\Notepad.exe
     1>已完成生成项目“F:\QTWorkStation\Notepad\Notepad\Notepad.vcxproj”(Build 个目标)的操作。

已成功生成。

已用时间 00:00:09.47
